e:\year2\programming for graphics projects\c++ graphics s2\c++ graphics s2\debug\vc140.pdb
e:\year2\programming for graphics projects\c++ graphics s2\c++ graphics s2\debug\vc140.idb
e:\year2\programming for graphics projects\c++ graphics s2\c++ graphics s2\debug\main.obj
e:\year2\programming for graphics projects\c++ graphics s2\c++ graphics s2\debug\shaderfile.obj
e:\year2\programming for graphics projects\c++ graphics s2\c++ graphics s2\debug\shaderlocal.obj
e:\year2\programming for graphics projects\c++ graphics s2\c++ graphics s2\debug\textfile.obj
e:\year2\programming for graphics projects\c++ graphics s2\debug\c++ graphics s2.pdb
e:\year2\programming for graphics projects\c++ graphics s2\c++ graphics s2\debug\c++ graphics s2.tlog\cl.command.1.tlog
e:\year2\programming for graphics projects\c++ graphics s2\c++ graphics s2\debug\c++ graphics s2.tlog\link.command.1.tlog
e:\year2\programming for graphics projects\c++ graphics s2\c++ graphics s2\debug\c++ graphics s2.tlog\cl.read.1.tlog
e:\year2\programming for graphics projects\c++ graphics s2\c++ graphics s2\debug\c++ graphics s2.tlog\link.read.1.tlog
e:\year2\programming for graphics projects\c++ graphics s2\c++ graphics s2\debug\c++ graphics s2.tlog\link.write.1.tlog
e:\year2\programming for graphics projects\c++ graphics s2\c++ graphics s2\debug\c++ graphics s2.tlog\cl.write.1.tlog
e:\year2\programming for graphics projects\c++ graphics s2\c++ graphics s2\debug\c++ graphics s2.tlog\link.9992-rc.read.1.tlog
e:\year2\programming for graphics projects\c++ graphics s2\c++ graphics s2\debug\c++ graphics s2.tlog\link.9992-rc.write.1.tlog
e:\year2\programming for graphics projects\c++ graphics s2\c++ graphics s2\debug\c++ graphics s2.tlog\link.9992-cvtres.read.1.tlog
e:\year2\programming for graphics projects\c++ graphics s2\c++ graphics s2\debug\c++ graphics s2.tlog\link.9992-cvtres.write.1.tlog
e:\year2\programming for graphics projects\c++ graphics s2\c++ graphics s2\debug\c++ graphics s2.tlog\link.9992.read.1.tlog
e:\year2\programming for graphics projects\c++ graphics s2\c++ graphics s2\debug\c++ graphics s2.tlog\link.9992.write.1.tlog
e:\year2\programming for graphics projects\c++ graphics s2\c++ graphics s2\debug\c++ graphics s2.tlog\link-rc.read.1.tlog
e:\year2\programming for graphics projects\c++ graphics s2\c++ graphics s2\debug\c++ graphics s2.tlog\link-rc.write.1.tlog
e:\year2\programming for graphics projects\c++ graphics s2\c++ graphics s2\debug\c++ graphics s2.tlog\link-cvtres.read.1.tlog
e:\year2\programming for graphics projects\c++ graphics s2\c++ graphics s2\debug\c++ graphics s2.tlog\link-cvtres.write.1.tlog
